# JRE version: Java(TM) SE Runtime Environment (7.0_80-b15) (build 1.7.0_80-b15)
# Java VM: Java HotSpot(TM) 64-Bit Server VM (24.80-b11 mixed mode linux-amd64 compressed oops)
Heap
 par new generation   total 153344K, used 153344K [0x00000000bc600000, 0x00000000c6c60000, 0x00000000c6c60000)
  eden space 136320K, 100% used [0x00000000bc600000, 0x00000000c4b20000, 0x00000000c4b20000)
  from space 17024K, 100% used [0x00000000c4b20000, 0x00000000c5bc0000, 0x00000000c5bc0000)
  to   space 17024K,   0% used [0x00000000c5bc0000, 0x00000000c5bc0000, 0x00000000c6c60000)
 concurrent mark-sweep generation total 853632K, used 769511K [0x00000000c6c60000, 0x00000000fae00000, 0x00000000fae00000)
 concurrent-mark-sweep perm gen total 37576K, used 22542K [0x00000000fae00000, 0x00000000fd2b2000, 0x0000000100000000)
GC Heap History (10 events):
Event: 11026.872 GC heap before
{Heap before GC invocations=53805 (full 3008):
 par new generation   total 153344K, used 153335K [0x00000000bc600000, 0x00000000c6c60000, 0x00000000c6c60000)
  eden space 136320K,  99% used [0x00000000bc600000, 0x00000000c4b1dc40, 0x00000000c4b20000)
  from space 17024K, 100% used [0x00000000c5bc0000, 0x00000000c6c60000, 0x00000000c6c60000)
  to   space 17024K,   0% used [0x00000000c4b20000, 0x00000000c4b20000, 0x00000000c5bc0000)
 concurrent mark-sweep generation total 853632K, used 660050K [0x00000000c6c60000, 0x00000000fae00000, 0x00000000fae00000)
 concurrent-mark-sweep perm gen total 37576K, used 22542K [0x00000000fae00000, 0x00000000fd2b2000, 0x0000000100000000)
Event: 11026.883 GC heap after
Heap after GC invocations=53806 (full 3008):
 par new generation   total 153344K, used 17024K [0x00000000bc600000, 0x00000000c6c60000, 0x00000000c6c60000)
  eden space 136320K,   0% used [0x00000000bc600000, 0x00000000bc600000, 0x00000000c4b20000)
  from space 17024K, 100% used [0x00000000c4b20000, 0x00000000c5bc0000, 0x00000000c5bc0000)
  to   space 17024K,   0% used [0x00000000c5bc0000, 0x00000000c5bc0000, 0x00000000c6c60000)
 concurrent mark-sweep generation total 853632K, used 684135K [0x00000000c6c60000, 0x00000000fae00000, 0x00000000fae00000)
 concurrent-mark-sweep perm gen total 37576K, used 22542K [0x00000000fae00000, 0x00000000fd2b2000, 0x0000000100000000)
}
Event: 11027.119 GC heap before
{Heap before GC invocations=53806 (full 3008):
 par new generation   total 153344K, used 153344K [0x00000000bc600000, 0x00000000c6c60000, 0x00000000c6c60000)
  eden space 136320K, 100% used [0x00000000bc600000, 0x00000000c4b20000, 0x00000000c4b20000)
  from space 17024K, 100% used [0x00000000c4b20000, 0x00000000c5bc0000, 0x00000000c5bc0000)
  to   space 17024K,   0% used [0x00000000c5bc0000, 0x00000000c5bc0000, 0x00000000c6c60000)
 concurrent mark-sweep generation total 853632K, used 684135K [0x00000000c6c60000, 0x00000000fae00000, 0x00000000fae00000)
 concurrent-mark-sweep perm gen total 37576K, used 22542K [0x00000000fae00000, 0x00000000fd2b2000, 0x0000000100000000)
Event: 11027.129 GC heap after
Heap after GC invocations=53807 (full 3008):
 par new generation   total 153344K, used 16981K [0x00000000bc600000, 0x00000000c6c60000, 0x00000000c6c60000)
  eden space 136320K,   0% used [0x00000000bc600000, 0x00000000bc600000, 0x00000000c4b20000)
  from space 17024K,  99% used [0x00000000c5bc0000, 0x00000000c6c557d0, 0x00000000c6c60000)
  to   space 17024K,   0% used [0x00000000c4b20000, 0x00000000c4b20000, 0x00000000c5bc0000)
 concurrent mark-sweep generation total 853632K, used 701093K [0x00000000c6c60000, 0x00000000fae00000, 0x00000000fae00000)
 concurrent-mark-sweep perm gen total 37576K, used 22542K [0x00000000fae00000, 0x00000000fd2b2000, 0x0000000100000000)
}
Event: 11027.336 GC heap before
{Heap before GC invocations=53807 (full 3008):
 par new generation   total 153344K, used 153266K [0x00000000bc600000, 0x00000000c6c60000, 0x00000000c6c60000)
  eden space 136320K,  99% used [0x00000000bc600000, 0x00000000c4b17308, 0x00000000c4b20000)
  from space 17024K,  99% used [0x00000000c5bc0000, 0x00000000c6c557d0, 0x00000000c6c60000)
  to   space 17024K,   0% used [0x00000000c4b20000, 0x00000000c4b20000, 0x00000000c5bc0000)
 concurrent mark-sweep generation total 853632K, used 701265K [0x00000000c6c60000, 0x00000000fae00000, 0x00000000fae00000)
 concurrent-mark-sweep perm gen total 37576K, used 22542K [0x00000000fae00000, 0x00000000fd2b2000, 0x0000000100000000)
Event: 11027.344 GC heap after
Heap after GC invocations=53808 (full 3008):
 par new generation   total 153344K, used 17024K [0x00000000bc600000, 0x00000000c6c60000, 0x00000000c6c60000)
  eden space 136320K,   0% used [0x00000000bc600000, 0x00000000bc600000, 0x00000000c4b20000)
  from space 17024K, 100% used [0x00000000c4b20000, 0x00000000c5bc0000, 0x00000000c5bc0000)
  to   space 17024K,   0% used [0x00000000c5bc0000, 0x00000000c5bc0000, 0x00000000c6c60000)
 concurrent mark-sweep generation total 853632K, used 711533K [0x00000000c6c60000, 0x00000000fae00000, 0x00000000fae00000)
 concurrent-mark-sweep perm gen total 37576K, used 22542K [0x00000000fae00000, 0x00000000fd2b2000, 0x0000000100000000)
}
Event: 11027.539 GC heap before
{Heap before GC invocations=53808 (full 3008):
 par new generation   total 153344K, used 153342K [0x00000000bc600000, 0x00000000c6c60000, 0x00000000c6c60000)
  eden space 136320K,  99% used [0x00000000bc600000, 0x00000000c4b1f808, 0x00000000c4b20000)
  from space 17024K, 100% used [0x00000000c4b20000, 0x00000000c5bc0000, 0x00000000c5bc0000)
  to   space 17024K,   0% used [0x00000000c5bc0000, 0x00000000c5bc0000, 0x00000000c6c60000)
 concurrent mark-sweep generation total 853632K, used 711604K [0x00000000c6c60000, 0x00000000fae00000, 0x00000000fae00000)
 concurrent-mark-sweep perm gen total 37576K, used 22542K [0x00000000fae00000, 0x00000000fd2b2000, 0x0000000100000000)
Event: 11027.553 GC heap after
Heap after GC invocations=53809 (full 3008):
 par new generation   total 153344K, used 17024K [0x00000000bc600000, 0x00000000c6c60000, 0x00000000c6c60000)
  eden space 136320K,   0% used [0x00000000bc600000, 0x00000000bc600000, 0x00000000c4b20000)
  from space 17024K, 100% used [0x00000000c5bc0000, 0x00000000c6c60000, 0x00000000c6c60000)
  to   space 17024K,   0% used [0x00000000c4b20000, 0x00000000c4b20000, 0x00000000c5bc0000)
 concurrent mark-sweep generation total 853632K, used 740199K [0x00000000c6c60000, 0x00000000fae00000, 0x00000000fae00000)
 concurrent-mark-sweep perm gen total 37576K, used 22542K [0x00000000fae00000, 0x00000000fd2b2000, 0x0000000100000000)
}
Event: 11027.741 GC heap before
{Heap before GC invocations=53809 (full 3008):
 par new generation   total 153344K, used 153291K [0x00000000bc600000, 0x00000000c6c60000, 0x00000000c6c60000)
  eden space 136320K,  99% used [0x00000000bc600000, 0x00000000c4b12db8, 0x00000000c4b20000)
  from space 17024K, 100% used [0x00000000c5bc0000, 0x00000000c6c60000, 0x00000000c6c60000)
  to   space 17024K,   0% used [0x00000000c4b20000, 0x00000000c4b20000, 0x00000000c5bc0000)
 concurrent mark-sweep generation total 853632K, used 740199K [0x00000000c6c60000, 0x00000000fae00000, 0x00000000fae00000)
 concurrent-mark-sweep perm gen total 37576K, used 22542K [0x00000000fae00000, 0x00000000fd2b2000, 0x0000000100000000)
Event: 11027.755 GC heap after
Heap after GC invocations=53810 (full 3008):
 par new generation   total 153344K, used 17024K [0x00000000bc600000, 0x00000000c6c60000, 0x00000000c6c60000)
  eden space 136320K,   0% used [0x00000000bc600000, 0x00000000bc600000, 0x00000000c4b20000)
  from space 17024K, 100% used [0x00000000c4b20000, 0x00000000c5bc0000, 0x00000000c5bc0000)
  to   space 17024K,   0% used [0x00000000c5bc0000, 0x00000000c5bc0000, 0x00000000c6c60000)
 concurrent mark-sweep generation total 853632K, used 769511K [0x00000000c6c60000, 0x00000000fae00000, 0x00000000fae00000)
 concurrent-mark-sweep perm gen total 37576K, used 22542K [0x00000000fae00000, 0x00000000fd2b2000, 0x0000000100000000)
}

