# JRE version: Java(TM) SE Runtime Environment (7.0_80-b15) (build 1.7.0_80-b15)
# Java VM: Java HotSpot(TM) 64-Bit Server VM (24.80-b11 mixed mode linux-amd64 compressed oops)
Heap
 par new generation   total 153344K, used 153308K [0x00000000bc600000, 0x00000000c6c60000, 0x00000000c6c60000)
  eden space 136320K,  99% used [0x00000000bc600000, 0x00000000c4b17150, 0x00000000c4b20000)
  from space 17024K, 100% used [0x00000000c4b20000, 0x00000000c5bc0000, 0x00000000c5bc0000)
  to   space 17024K,   0% used [0x00000000c5bc0000, 0x00000000c5bc0000, 0x00000000c6c60000)
 concurrent mark-sweep generation total 853632K, used 652640K [0x00000000c6c60000, 0x00000000fae00000, 0x00000000fae00000)
 concurrent-mark-sweep perm gen total 38056K, used 22699K [0x00000000fae00000, 0x00000000fd32a000, 0x0000000100000000)
GC Heap History (10 events):
Event: 175997.082 GC heap before
{Heap before GC invocations=1867 (full 134):
 par new generation   total 153344K, used 153296K [0x00000000bc600000, 0x00000000c6c60000, 0x00000000c6c60000)
  eden space 136320K,  99% used [0x00000000bc600000, 0x00000000c4b14260, 0x00000000c4b20000)
  from space 17024K, 100% used [0x00000000c5bc0000, 0x00000000c6c60000, 0x00000000c6c60000)
  to   space 17024K,   0% used [0x00000000c4b20000, 0x00000000c4b20000, 0x00000000c5bc0000)
 concurrent mark-sweep generation total 853632K, used 486959K [0x00000000c6c60000, 0x00000000fae00000, 0x00000000fae00000)
 concurrent-mark-sweep perm gen total 38056K, used 22699K [0x00000000fae00000, 0x00000000fd32a000, 0x0000000100000000)
Event: 175997.096 GC heap after
Heap after GC invocations=1868 (full 134):
 par new generation   total 153344K, used 17024K [0x00000000bc600000, 0x00000000c6c60000, 0x00000000c6c60000)
  eden space 136320K,   0% used [0x00000000bc600000, 0x00000000bc600000, 0x00000000c4b20000)
  from space 17024K, 100% used [0x00000000c4b20000, 0x00000000c5bc0000, 0x00000000c5bc0000)
  to   space 17024K,   0% used [0x00000000c5bc0000, 0x00000000c5bc0000, 0x00000000c6c60000)
 concurrent mark-sweep generation total 853632K, used 520081K [0x00000000c6c60000, 0x00000000fae00000, 0x00000000fae00000)
 concurrent-mark-sweep perm gen total 38056K, used 22699K [0x00000000fae00000, 0x00000000fd32a000, 0x0000000100000000)
}
Event: 175997.282 GC heap before
{Heap before GC invocations=1868 (full 134):
 par new generation   total 153344K, used 153233K [0x00000000bc600000, 0x00000000c6c60000, 0x00000000c6c60000)
  eden space 136320K,  99% used [0x00000000bc600000, 0x00000000c4b04660, 0x00000000c4b20000)
  from space 17024K, 100% used [0x00000000c4b20000, 0x00000000c5bc0000, 0x00000000c5bc0000)
  to   space 17024K,   0% used [0x00000000c5bc0000, 0x00000000c5bc0000, 0x00000000c6c60000)
 concurrent mark-sweep generation total 853632K, used 520081K [0x00000000c6c60000, 0x00000000fae00000, 0x00000000fae00000)
 concurrent-mark-sweep perm gen total 38056K, used 22699K [0x00000000fae00000, 0x00000000fd32a000, 0x0000000100000000)
Event: 175997.295 GC heap after
Heap after GC invocations=1869 (full 134):
 par new generation   total 153344K, used 17024K [0x00000000bc600000, 0x00000000c6c60000, 0x00000000c6c60000)
  eden space 136320K,   0% used [0x00000000bc600000, 0x00000000bc600000, 0x00000000c4b20000)
  from space 17024K, 100% used [0x00000000c5bc0000, 0x00000000c6c60000, 0x00000000c6c60000)
  to   space 17024K,   0% used [0x00000000c4b20000, 0x00000000c4b20000, 0x00000000c5bc0000)
 concurrent mark-sweep generation total 853632K, used 553269K [0x00000000c6c60000, 0x00000000fae00000, 0x00000000fae00000)
 concurrent-mark-sweep perm gen total 38056K, used 22699K [0x00000000fae00000, 0x00000000fd32a000, 0x0000000100000000)
}
Event: 175997.487 GC heap before
{Heap before GC invocations=1869 (full 134):
 par new generation   total 153344K, used 153304K [0x00000000bc600000, 0x00000000c6c60000, 0x00000000c6c60000)
  eden space 136320K,  99% used [0x00000000bc600000, 0x00000000c4b161d0, 0x00000000c4b20000)
  from space 17024K, 100% used [0x00000000c5bc0000, 0x00000000c6c60000, 0x00000000c6c60000)
  to   space 17024K,   0% used [0x00000000c4b20000, 0x00000000c4b20000, 0x00000000c5bc0000)
 concurrent mark-sweep generation total 853632K, used 553269K [0x00000000c6c60000, 0x00000000fae00000, 0x00000000fae00000)
 concurrent-mark-sweep perm gen total 38056K, used 22699K [0x00000000fae00000, 0x00000000fd32a000, 0x0000000100000000)
Event: 175997.501 GC heap after
Heap after GC invocations=1870 (full 134):
 par new generation   total 153344K, used 17024K [0x00000000bc600000, 0x00000000c6c60000, 0x00000000c6c60000)
  eden space 136320K,   0% used [0x00000000bc600000, 0x00000000bc600000, 0x00000000c4b20000)
  from space 17024K, 100% used [0x00000000c4b20000, 0x00000000c5bc0000, 0x00000000c5bc0000)
  to   space 17024K,   0% used [0x00000000c5bc0000, 0x00000000c5bc0000, 0x00000000c6c60000)
 concurrent mark-sweep generation total 853632K, used 586370K [0x00000000c6c60000, 0x00000000fae00000, 0x00000000fae00000)
 concurrent-mark-sweep perm gen total 38056K, used 22699K [0x00000000fae00000, 0x00000000fd32a000, 0x0000000100000000)
}
Event: 175997.711 GC heap before
{Heap before GC invocations=1870 (full 134):
 par new generation   total 153344K, used 153275K [0x00000000bc600000, 0x00000000c6c60000, 0x00000000c6c60000)
  eden space 136320K,  99% used [0x00000000bc600000, 0x00000000c4b0ecf8, 0x00000000c4b20000)
  from space 17024K, 100% used [0x00000000c4b20000, 0x00000000c5bc0000, 0x00000000c5bc0000)
  to   space 17024K,   0% used [0x00000000c5bc0000, 0x00000000c5bc0000, 0x00000000c6c60000)
 concurrent mark-sweep generation total 853632K, used 586370K [0x00000000c6c60000, 0x00000000fae00000, 0x00000000fae00000)
 concurrent-mark-sweep perm gen total 38056K, used 22699K [0x00000000fae00000, 0x00000000fd32a000, 0x0000000100000000)
Event: 175997.724 GC heap after
Heap after GC invocations=1871 (full 134):
 par new generation   total 153344K, used 17024K [0x00000000bc600000, 0x00000000c6c60000, 0x00000000c6c60000)
  eden space 136320K,   0% used [0x00000000bc600000, 0x00000000bc600000, 0x00000000c4b20000)
  from space 17024K, 100% used [0x00000000c5bc0000, 0x00000000c6c60000, 0x00000000c6c60000)
  to   space 17024K,   0% used [0x00000000c4b20000, 0x00000000c4b20000, 0x00000000c5bc0000)
 concurrent mark-sweep generation total 853632K, used 619405K [0x00000000c6c60000, 0x00000000fae00000, 0x00000000fae00000)
 concurrent-mark-sweep perm gen total 38056K, used 22699K [0x00000000fae00000, 0x00000000fd32a000, 0x0000000100000000)
}
Event: 175997.912 GC heap before
{Heap before GC invocations=1871 (full 134):
 par new generation   total 153344K, used 153331K [0x00000000bc600000, 0x00000000c6c60000, 0x00000000c6c60000)
  eden space 136320K,  99% used [0x00000000bc600000, 0x00000000c4b1cc78, 0x00000000c4b20000)
  from space 17024K, 100% used [0x00000000c5bc0000, 0x00000000c6c60000, 0x00000000c6c60000)
  to   space 17024K,   0% used [0x00000000c4b20000, 0x00000000c4b20000, 0x00000000c5bc0000)
 concurrent mark-sweep generation total 853632K, used 619405K [0x00000000c6c60000, 0x00000000fae00000, 0x00000000fae00000)
 concurrent-mark-sweep perm gen total 38056K, used 22699K [0x00000000fae00000, 0x00000000fd32a000, 0x0000000100000000)
Event: 175997.926 GC heap after
Heap after GC invocations=1872 (full 134):
 par new generation   total 153344K, used 17024K [0x00000000bc600000, 0x00000000c6c60000, 0x00000000c6c60000)
  eden space 136320K,   0% used [0x00000000bc600000, 0x00000000bc600000, 0x00000000c4b20000)
  from space 17024K, 100% used [0x00000000c4b20000, 0x00000000c5bc0000, 0x00000000c5bc0000)
  to   space 17024K,   0% used [0x00000000c5bc0000, 0x00000000c5bc0000, 0x00000000c6c60000)
 concurrent mark-sweep generation total 853632K, used 652640K [0x00000000c6c60000, 0x00000000fae00000, 0x00000000fae00000)
 concurrent-mark-sweep perm gen total 38056K, used 22699K [0x00000000fae00000, 0x00000000fd32a000, 0x0000000100000000)
}

